This is pdfTeX, Version 3.14159265-2.6-1.40.15 (TeX Live 2014) (preloaded format=pdflatex 2015.5.30)  30 MAY 2015 23:04
entering extended mode
 restricted \write18 enabled.
 file:line:error style messages enabled.
 %&-line parsing enabled.
**Capitolo3.tex
(./Capitolo3.tex
LaTeX2e <2014/05/01>
Babel <3.9k> and hyphenation patterns for 78 languages loaded.
./Capitolo3.tex:1: Undefined control sequence.
l.1 \chapter
            {Capitolo 3}
? 
./Capitolo3.tex:1: Emergency stop.
l.1 \chapter
            {Capitolo 3}
End of file on the terminal!

 
Here is how much of TeX's memory you used:
 5 strings out of 493117
 135 string characters out of 6135433
 52909 words of memory out of 5000000
 3568 multiletter control sequences out of 15000+600000
 3640 words of font info for 14 fonts, out of 8000000 for 9000
 1141 hyphenation exceptions out of 8191
 5i,0n,1p,36b,8s stack positions out of 5000i,500n,10000p,200000b,80000s
./Capitolo3.tex:1:  ==> Fatal error occurred, no output PDF file produced!
